{"level":"error","message":"Error al enviar email de recuperacion: ReferenceError: UserModel is not defined","timestamp":"2023-11-23T00:13:40.071Z"}
{"level":"error","message":"Error al enviar email de recuperacion: ReferenceError: UserModel is not defined","timestamp":"2023-11-23T00:14:10.213Z"}
{"level":"error","message":"Error al actualizar la password: ReferenceError: token is not defined","timestamp":"2023-11-23T00:15:05.278Z"}
{"level":"error","message":"Error al actualizar la password: ReferenceError: token is not defined","timestamp":"2023-11-23T00:15:11.763Z"}
{"level":"error","message":"Error al actualizar la password: ReferenceError: token is not defined","timestamp":"2023-11-23T00:16:25.306Z"}
{"level":"error","message":"La nueva contraseña no puede estar vacía","timestamp":"2023-11-23T00:18:08.287Z"}
{"level":"error","message":"La nueva password debe ser distinta a la anterior","timestamp":"2023-12-10T17:22:34.863Z"}
{"code":"ECONNRESET","errno":-4077,"level":"error","message":"Error mostrando producto:  read ECONNRESET","stack":"Error: read ECONNRESET\n    at TCP.onStreamRead (node:internal/stream_base_commons:217:20)","syscall":"read","timestamp":"2023-12-10T23:00:13.041Z"}
{"code":"ECONNRESET","errno":-4077,"level":"error","message":"Error mostrando producto:  read ECONNRESET","stack":"Error: read ECONNRESET\n    at TCP.onStreamRead (node:internal/stream_base_commons:217:20)","syscall":"read","timestamp":"2023-12-10T23:03:47.247Z"}
{"code":"ECONNRESET","errno":-4077,"level":"error","message":"Error mostrando producto:  read ECONNRESET","stack":"Error: read ECONNRESET\n    at TCP.onStreamRead (node:internal/stream_base_commons:217:20)","syscall":"read","timestamp":"2023-12-10T23:04:02.544Z"}
{"level":"error","message":"Error mostrando producto:  expected 200 \"OK\", got 500 \"Internal Server Error\"","stack":"Error: expected 200 \"OK\", got 500 \"Internal Server Error\"\n    at Context.<anonymous> (file:///D:/CoderHouse/coder_backend/Desafio1/src/test/products/products.test.js:69:12)\n    at callFn (D:\\CoderHouse\\coder_backend\\Desafio1\\node_modules\\mocha\\lib\\runnable.js:366:21)\n    at Runnable.run (D:\\CoderHouse\\coder_backend\\Desafio1\\node_modules\\mocha\\lib\\runnable.js:354:5)\n    at Runner.runTest (D:\\CoderHouse\\coder_backend\\Desafio1\\node_modules\\mocha\\lib\\runner.js:666:10)\n    at D:\\CoderHouse\\coder_backend\\Desafio1\\node_modules\\mocha\\lib\\runner.js:789:12\n    at next (D:\\CoderHouse\\coder_backend\\Desafio1\\node_modules\\mocha\\lib\\runner.js:581:14)\n    at D:\\CoderHouse\\coder_backend\\Desafio1\\node_modules\\mocha\\lib\\runner.js:591:7\n    at next (D:\\CoderHouse\\coder_backend\\Desafio1\\node_modules\\mocha\\lib\\runner.js:474:14)\n    at Immediate._onImmediate (D:\\CoderHouse\\coder_backend\\Desafio1\\node_modules\\mocha\\lib\\runner.js:559:5)\n    at process.processImmediate (node:internal/timers:476:21)\n----\n    at Test._assertStatus (D:\\CoderHouse\\coder_backend\\Desafio1\\node_modules\\supertest\\lib\\test.js:252:14)\n    at D:\\CoderHouse\\coder_backend\\Desafio1\\node_modules\\supertest\\lib\\test.js:308:13\n    at Test._assertFunction (D:\\CoderHouse\\coder_backend\\Desafio1\\node_modules\\supertest\\lib\\test.js:285:13)\n    at Test.assert (D:\\CoderHouse\\coder_backend\\Desafio1\\node_modules\\supertest\\lib\\test.js:164:23)\n    at localAssert (D:\\CoderHouse\\coder_backend\\Desafio1\\node_modules\\supertest\\lib\\test.js:120:14)\n    at D:\\CoderHouse\\coder_backend\\Desafio1\\node_modules\\supertest\\lib\\test.js:125:7\n    at Request.callback (D:\\CoderHouse\\coder_backend\\Desafio1\\node_modules\\superagent\\lib\\node\\index.js:867:3)\n    at D:\\CoderHouse\\coder_backend\\Desafio1\\node_modules\\superagent\\lib\\node\\index.js:1070:18\n    at IncomingMessage.<anonymous> (D:\\CoderHouse\\coder_backend\\Desafio1\\node_modules\\superagent\\lib\\node\\parsers\\json.js:21:7)\n    at IncomingMessage.emit (node:events:529:35)\n    at endReadableNT (node:internal/streams/readable:1368:12)\n    at process.processTicksAndRejections (node:internal/process/task_queues:82:21)","timestamp":"2023-12-10T23:06:11.612Z"}
{"code":"ECONNRESET","errno":-4077,"level":"error","message":"Error mostrando producto:  read ECONNRESET","stack":"Error: read ECONNRESET\n    at TCP.onStreamRead (node:internal/stream_base_commons:217:20)","syscall":"read","timestamp":"2023-12-10T23:10:05.717Z"}
{"level":"error","message":"Error mostrando producto:  ECONNREFUSED: Connection refused","stack":"Error: ECONNREFUSED: Connection refused\n    at Test.assert (D:\\CoderHouse\\coder_backend\\Desafio1\\node_modules\\supertest\\lib\\test.js:156:20)\n    at localAssert (D:\\CoderHouse\\coder_backend\\Desafio1\\node_modules\\supertest\\lib\\test.js:120:14)\n    at D:\\CoderHouse\\coder_backend\\Desafio1\\node_modules\\supertest\\lib\\test.js:125:7\n    at Request.callback (D:\\CoderHouse\\coder_backend\\Desafio1\\node_modules\\superagent\\lib\\node\\index.js:867:3)\n    at ClientRequest.<anonymous> (D:\\CoderHouse\\coder_backend\\Desafio1\\node_modules\\superagent\\lib\\node\\index.js:789:10)\n    at ClientRequest.emit (node:events:517:28)\n    at Socket.socketErrorListener (node:_http_client:501:9)\n    at Socket.emit (node:events:517:28)\n    at emitErrorNT (node:internal/streams/destroy:151:8)\n    at emitErrorCloseNT (node:internal/streams/destroy:116:3)\n    at process.processTicksAndRejections (node:internal/process/task_queues:82:21)","timestamp":"2023-12-10T23:14:59.956Z"}
{"code":"ECONNRESET","errno":-4077,"level":"error","message":"Error mostrando producto:  read ECONNRESET","stack":"Error: read ECONNRESET\n    at TCP.onStreamRead (node:internal/stream_base_commons:217:20)","syscall":"read","timestamp":"2023-12-10T23:16:40.941Z"}
{"level":"error","message":"Error en la solicitud de inicio de sesión:  Cannot read properties of undefined (reading '0')","stack":"TypeError: Cannot read properties of undefined (reading '0')\n    at Context.<anonymous> (file:///D:/CoderHouse/coder_backend/Desafio1/src/test/carts/carts.test.js:33:51)\n    at process.processTicksAndRejections (node:internal/process/task_queues:95:5)","timestamp":"2023-12-12T23:28:08.733Z"}
{"level":"error","message":"Error en la solicitud de inicio de sesión:  expected undefined to be truthy","operator":"strictEqual","showDiff":false,"stack":"AssertionError: expected undefined to be truthy\n    at Context.<anonymous> (file:///D:/CoderHouse/coder_backend/Desafio1/src/test/carts/carts.test.js:37:32)\n    at process.processTicksAndRejections (node:internal/process/task_queues:95:5)","timestamp":"2023-12-12T23:28:39.413Z"}
{"level":"error","message":"Error en la solicitud de inicio de sesión:  Cannot read properties of undefined (reading '0')","stack":"TypeError: Cannot read properties of undefined (reading '0')\n    at Context.<anonymous> (file:///D:/CoderHouse/coder_backend/Desafio1/src/test/carts/carts.test.js:33:51)\n    at process.processTicksAndRejections (node:internal/process/task_queues:95:5)","timestamp":"2023-12-12T23:31:44.579Z"}
{"level":"error","message":"Error en la solicitud de inicio de sesión:  Cannot read properties of undefined (reading '0')","stack":"TypeError: Cannot read properties of undefined (reading '0')\n    at Context.<anonymous> (file:///D:/CoderHouse/coder_backend/Desafio1/src/test/carts/carts.test.js:33:51)\n    at process.processTicksAndRejections (node:internal/process/task_queues:95:5)","timestamp":"2023-12-12T23:32:01.342Z"}
{"level":"error","message":"Error al subir archivo: TypeError: Cannot read properties of undefined (reading 'map')","timestamp":"2023-12-20T01:16:50.082Z"}
{"level":"error","message":"Error al subir archivo: TypeError: Cannot read properties of undefined (reading 'map')","timestamp":"2023-12-20T01:17:58.839Z"}
{"level":"error","message":"Error al subir archivo: TypeError: Cannot read properties of undefined (reading 'map')","timestamp":"2023-12-20T01:29:07.922Z"}
{"level":"error","message":"Error al subir archivo: TypeError: Found non-callable @@iterator","timestamp":"2023-12-20T01:58:02.186Z"}
{"level":"error","message":"Error al consultar carrito: CastError: Cast to ObjectId failed for value \"6575f3e3df5648bea3f9172dee\" (type string) at path \"_id\" for model \"carts\"","timestamp":"2023-12-20T02:09:34.228Z"}
{"level":"error","message":"Error al obtener usuarios: TypeError: Converting circular structure to JSON\n    --> starting at object with constructor 'MongoClient'\n    |     property 's' -> object with constructor 'Object'\n    |     property 'sessionPool' -> object with constructor 'ServerSessionPool'\n    --- property 'client' closes the circle","timestamp":"2023-12-30T22:55:20.635Z"}
{"level":"error","message":"Error al obtener usuarios: TypeError: Converting circular structure to JSON\n    --> starting at object with constructor 'MongoClient'\n    |     property 's' -> object with constructor 'Object'\n    |     property 'sessionPool' -> object with constructor 'ServerSessionPool'\n    --- property 'client' closes the circle","timestamp":"2023-12-30T22:55:26.552Z"}
{"level":"error","message":"Error al obtener usuarios: TypeError: Converting circular structure to JSON\n    --> starting at object with constructor 'MongoClient'\n    |     property 's' -> object with constructor 'Object'\n    |     property 'sessionPool' -> object with constructor 'ServerSessionPool'\n    --- property 'client' closes the circle","timestamp":"2023-12-30T22:57:12.627Z"}
{"level":"error","message":"Error al obtener usuarios: TypeError: Converting circular structure to JSON\n    --> starting at object with constructor 'MongoClient'\n    |     property 's' -> object with constructor 'Object'\n    |     property 'sessionPool' -> object with constructor 'ServerSessionPool'\n    --- property 'client' closes the circle","timestamp":"2023-12-30T22:59:04.238Z"}
{"level":"error","message":"Error al obtener usuarios: TypeError: Converting circular structure to JSON\n    --> starting at object with constructor 'MongoClient'\n    |     property 's' -> object with constructor 'Object'\n    |     property 'sessionPool' -> object with constructor 'ServerSessionPool'\n    --- property 'client' closes the circle","timestamp":"2023-12-30T22:59:16.456Z"}
{"level":"error","message":"Error al eliminar usuarios por inactividad : Error: Error al procesar usuario: sendAccountDeletion is not defined","timestamp":"2023-12-30T23:26:29.113Z"}
{"level":"error","message":"Error al eliminar usuarios por inactividad : Error: Error al procesar usuario: cartsModel is not defined","timestamp":"2023-12-30T23:34:01.352Z"}
{"level":"error","message":"Unexpected token } in JSON at position 29","timestamp":"2024-01-13T01:40:05.129Z"}
{"level":"error","message":"Error al consultar carrito: CastError: Cast to ObjectId failed for value \"Carrito ID: 65a3fcfd0c4a36c3261d2e9f\" (type string) at path \"_id\" for model \"carts\"","timestamp":"2024-01-14T16:02:39.710Z"}
{"level":"error","message":"Error al consultar carrito: CastError: Cast to ObjectId failed for value \"Carrito ID: 65a3fcfd0c4a36c3261d2e9f\" (type string) at path \"_id\" for model \"carts\"","timestamp":"2024-01-14T16:03:42.836Z"}
{"level":"error","message":"Error al consultar carrito: CastError: Cast to ObjectId failed for value \"Carrito ID:\" (type string) at path \"_id\" for model \"carts\"","timestamp":"2024-01-14T17:18:24.960Z"}
{"level":"error","message":"Producto no existente en el carrito","timestamp":"2024-01-14T17:34:53.660Z"}
{"level":"error","message":"Producto no existente en el carrito","timestamp":"2024-01-14T17:34:57.006Z"}
{"level":"error","message":"Producto no existente en el carrito","timestamp":"2024-01-14T17:34:57.854Z"}
{"level":"error","message":"Producto no existente en el carrito","timestamp":"2024-01-14T17:35:01.917Z"}
{"level":"error","message":"Producto no existente en el carrito","timestamp":"2024-01-14T17:35:02.279Z"}
{"level":"error","message":"Producto no existente en el carrito","timestamp":"2024-01-14T17:41:50.137Z"}
{"level":"error","message":"Producto no existente en el carrito","timestamp":"2024-01-14T17:41:50.217Z"}
{"level":"error","message":"Producto no existente en el carrito","timestamp":"2024-01-14T17:41:51.264Z"}
{"level":"error","message":"Error al consultar carrito: CastError: Cast to ObjectId failed for value \"Carrito ID:\" (type string) at path \"_id\" for model \"carts\"","timestamp":"2024-01-14T17:49:56.725Z"}
{"level":"error","message":"Error al consultar carrito: CastError: Cast to ObjectId failed for value \"Carrito ID:\" (type string) at path \"_id\" for model \"carts\"","timestamp":"2024-01-14T17:50:04.859Z"}
{"level":"error","message":"Error al consultar carrito: CastError: Cast to ObjectId failed for value \"Carrito ID:\" (type string) at path \"_id\" for model \"carts\"","timestamp":"2024-01-14T18:33:41.785Z"}
{"level":"error","message":"Producto no existente en el carrito","timestamp":"2024-01-14T19:29:46.700Z"}
{"level":"error","message":"Producto no existente","timestamp":"2024-01-14T19:30:02.316Z"}
{"level":"error","message":"Producto no existente","timestamp":"2024-01-14T19:30:06.040Z"}
{"level":"error","message":"Producto no existente","timestamp":"2024-01-14T19:30:26.628Z"}
{"level":"error","message":"Producto no existente","timestamp":"2024-01-14T19:30:28.343Z"}
{"level":"error","message":"Producto no existente","timestamp":"2024-01-14T19:31:01.477Z"}
{"level":"error","message":"Error al consultar carrito: CastError: Cast to ObjectId failed for value \"Carrito ID:\" (type string) at path \"_id\" for model \"carts\"","timestamp":"2024-01-14T20:00:00.635Z"}
{"level":"error","message":"Error al consultar carrito: CastError: Cast to ObjectId failed for value \"Carrito ID:\" (type string) at path \"_id\" for model \"carts\"","timestamp":"2024-01-14T20:20:59.348Z"}
{"level":"error","message":"Error al consultar carrito: CastError: Cast to ObjectId failed for value \"Carrito ID:\" (type string) at path \"_id\" for model \"carts\"","timestamp":"2024-01-14T20:22:08.840Z"}
{"level":"error","message":"Error al iniciar sesion ReferenceError: localStorage is not defined","timestamp":"2024-01-14T20:24:14.344Z"}
{"level":"error","message":"Error al iniciar sesion ReferenceError: localStorage is not defined","timestamp":"2024-01-14T20:24:20.849Z"}
{"level":"error","message":"Error al iniciar sesion ReferenceError: localStorage is not defined","timestamp":"2024-01-14T20:26:00.613Z"}
{"level":"error","message":"Error al iniciar sesion ReferenceError: localStorage is not defined","timestamp":"2024-01-14T20:32:29.568Z"}
{"level":"error","message":"Error al consultar carrito: CastError: Cast to ObjectId failed for value \"Carrito ID:\" (type string) at path \"_id\" for model \"carts\"","timestamp":"2024-01-14T20:34:20.062Z"}
{"level":"error","message":"Error al consultar carrito: CastError: Cast to ObjectId failed for value \"Carrito ID:\" (type string) at path \"_id\" for model \"carts\"","timestamp":"2024-01-14T20:35:36.735Z"}
{"level":"error","message":"Error al consultar carrito: CastError: Cast to ObjectId failed for value \"Carrito ID:\" (type string) at path \"_id\" for model \"carts\"","timestamp":"2024-01-14T20:35:58.332Z"}
{"level":"error","message":"Error al consultar carrito: CastError: Cast to ObjectId failed for value \"Carrito ID:\" (type string) at path \"_id\" for model \"carts\"","timestamp":"2024-01-14T20:36:17.142Z"}
{"level":"error","message":"Error al consultar carrito: CastError: Cast to ObjectId failed for value \"Carrito ID:\" (type string) at path \"_id\" for model \"carts\"","timestamp":"2024-01-14T20:36:57.583Z"}
{"level":"error","message":"Error al consultar carrito: CastError: Cast to ObjectId failed for value \"Carrito ID:\" (type string) at path \"_id\" for model \"carts\"","timestamp":"2024-01-14T20:39:47.389Z"}
{"level":"error","message":"Error al consultar carrito: CastError: Cast to ObjectId failed for value \"Carrito ID:\" (type string) at path \"_id\" for model \"carts\"","timestamp":"2024-01-14T20:39:53.042Z"}
{"level":"error","message":"Error al consultar carrito: CastError: Cast to ObjectId failed for value \"Carrito ID:\" (type string) at path \"_id\" for model \"carts\"","timestamp":"2024-01-14T20:39:54.223Z"}
{"level":"error","message":"Error al consultar carrito: CastError: Cast to ObjectId failed for value \"Carrito ID:\" (type string) at path \"_id\" for model \"carts\"","timestamp":"2024-01-14T20:39:55.043Z"}
{"level":"error","message":"Error al consultar carrito: CastError: Cast to ObjectId failed for value \"Carrito ID:\" (type string) at path \"_id\" for model \"carts\"","timestamp":"2024-01-14T20:40:08.934Z"}
{"level":"error","message":"Error al consultar carrito: CastError: Cast to ObjectId failed for value \"Carrito ID:\" (type string) at path \"_id\" for model \"carts\"","timestamp":"2024-01-14T20:40:59.296Z"}
{"level":"error","message":"Error al actualizar carrito: CastError: Cast to ObjectId failed for value \"Carrito ID:\" (type string) at path \"_id\" for model \"carts\"","timestamp":"2024-01-14T20:41:02.061Z"}
{"level":"error","message":"Error al actualizar carrito: CastError: Cast to ObjectId failed for value \"Carrito ID:\" (type string) at path \"_id\" for model \"carts\"","timestamp":"2024-01-14T20:41:03.054Z"}
{"level":"error","message":"Error al actualizar la cantidad del producto en el carrito: CastError: Cast to ObjectId failed for value \"Carrito ID:\" (type string) at path \"_id\" for model \"carts\"","timestamp":"2024-01-14T20:41:05.039Z"}
{"level":"error","message":"Error al actualizar carrito: CastError: Cast to ObjectId failed for value \"Carrito ID:\" (type string) at path \"_id\" for model \"carts\"","timestamp":"2024-01-14T20:41:07.074Z"}
{"level":"error","message":"Error al actualizar la cantidad del producto en el carrito: CastError: Cast to ObjectId failed for value \"Carrito ID:\" (type string) at path \"_id\" for model \"carts\"","timestamp":"2024-01-14T20:41:37.188Z"}
{"level":"error","message":"Error al consultar carrito: CastError: Cast to ObjectId failed for value \"Carrito ID:\" (type string) at path \"_id\" for model \"carts\"","timestamp":"2024-01-14T20:41:39.001Z"}
{"level":"error","message":"Error al consultar carrito: CastError: Cast to ObjectId failed for value \"Carrito ID:\" (type string) at path \"_id\" for model \"carts\"","timestamp":"2024-01-14T20:41:42.850Z"}
{"level":"error","message":"Error al consultar carrito: CastError: Cast to ObjectId failed for value \"Carrito ID:\" (type string) at path \"_id\" for model \"carts\"","timestamp":"2024-01-14T20:41:49.319Z"}
{"level":"error","message":"Error al consultar carrito: CastError: Cast to ObjectId failed for value \"Carrito ID:\" (type string) at path \"_id\" for model \"carts\"","timestamp":"2024-01-14T20:42:02.031Z"}
{"level":"error","message":"Error al consultar carrito: CastError: Cast to ObjectId failed for value \"Carrito ID:\" (type string) at path \"_id\" for model \"carts\"","timestamp":"2024-01-14T20:42:12.649Z"}
{"level":"error","message":"Error al consultar carrito: CastError: Cast to ObjectId failed for value \"Carrito ID:\" (type string) at path \"_id\" for model \"carts\"","timestamp":"2024-01-14T20:42:25.649Z"}
{"level":"error","message":"Producto no existente en el carrito","timestamp":"2024-01-14T22:17:29.480Z"}
